<?xml version="1.0" encoding="UTF-8"?>
<!-- Generated by org.testng.reporters.JUnitReportReporter -->
<testsuite skipped="0" hostname="DESKTOP-L3T822C" name="testRunner.runner" tests="2" failures="0" timestamp="2022-04-19T17:58:36 IST" time="40.754" errors="0">
  <testcase name="runScenario" time="18.587" classname="testRunner.runner"/>
  <system-out/>
  <testcase name="runScenario" time="22.167" classname="testRunner.runner"/>
  <system-out/>
</testsuite> <!-- testRunner.runner -->
